<?xml version="1.0" encoding="UTF-8"?>
<robot generator="Robot 6.0.1 (Python 3.11.1 on win32)" generated="20230809 14:50:48.420" rpa="false" schemaversion="3">
<suite id="s1" name="Test" source="D:\Stage\amazon\tests\test.robot">
<test id="s1-t1" name="Should be able to add new customer" line="12">
<kw name="ouvrir navigateur" library="Commmon" type="SETUP">
<doc>Ce keyword sert a ouvrir le navigateur</doc>
<kw name="Log To Console" library="BuiltIn">
<arg>open browser</arg>
<doc>Logs the given message to the console.</doc>
<status status="PASS" starttime="20230809 14:50:48.563" endtime="20230809 14:50:48.563"/>
</kw>
<kw name="Set Selenium Speed" library="SeleniumLibrary">
<arg>.2s</arg>
<doc>Sets the delay that is waited after each Selenium command.</doc>
<status status="PASS" starttime="20230809 14:50:48.563" endtime="20230809 14:50:48.563"/>
</kw>
<kw name="Set Selenium Timeout" library="SeleniumLibrary">
<arg>10s</arg>
<doc>Sets the timeout that is used by various keywords.</doc>
<status status="PASS" starttime="20230809 14:50:48.563" endtime="20230809 14:50:48.563"/>
</kw>
<kw name="Open Browser" library="SeleniumLibrary">
<arg>https://automationplayground.com/crm/</arg>
<arg>chrome</arg>
<doc>Opens a new browser instance to the optional ``url``.</doc>
<msg timestamp="20230809 14:50:48.564" level="INFO">Opening browser 'chrome' to base url 'https://automationplayground.com/crm/'.</msg>
<status status="PASS" starttime="20230809 14:50:48.563" endtime="20230809 14:50:50.494"/>
</kw>
<kw name="Maximize Browser Window" library="SeleniumLibrary">
<doc>Maximizes current browser window.</doc>
<status status="PASS" starttime="20230809 14:50:50.494" endtime="20230809 14:50:50.807"/>
</kw>
<kw name="Sleep" library="BuiltIn">
<arg>3</arg>
<doc>Pauses the test executed for the given time.</doc>
<msg timestamp="20230809 14:50:53.807" level="INFO">Slept 3 seconds</msg>
<status status="PASS" starttime="20230809 14:50:50.807" endtime="20230809 14:50:53.807"/>
</kw>
<kw name="Page Should Contain" library="SeleniumLibrary">
<arg>Customers Are Priority One!</arg>
<doc>Verifies that current page contains ``text``.</doc>
<msg timestamp="20230809 14:50:54.219" level="INFO">Current page contains text 'Customers Are Priority One!'.</msg>
<status status="PASS" starttime="20230809 14:50:53.807" endtime="20230809 14:50:54.219"/>
</kw>
<status status="PASS" starttime="20230809 14:50:48.563" endtime="20230809 14:50:54.219"/>
</kw>
<kw name="se loguer" library="Commmon">
<doc>Ce keyword sert a se loguer</doc>
<kw name="Log To Console" library="BuiltIn">
<arg>se loguer</arg>
<doc>Logs the given message to the console.</doc>
<status status="PASS" starttime="20230809 14:50:54.219" endtime="20230809 14:50:54.220"/>
</kw>
<kw name="Click Link" library="SeleniumLibrary">
<arg>//*[@id="SignIn"]</arg>
<doc>Clicks a link identified by ``locator``.</doc>
<msg timestamp="20230809 14:50:54.220" level="INFO">Clicking link '//*[@id="SignIn"]'.</msg>
<status status="PASS" starttime="20230809 14:50:54.220" endtime="20230809 14:50:55.023"/>
</kw>
<kw name="Sleep" library="BuiltIn">
<arg>3</arg>
<doc>Pauses the test executed for the given time.</doc>
<msg timestamp="20230809 14:50:58.024" level="INFO">Slept 3 seconds</msg>
<status status="PASS" starttime="20230809 14:50:55.023" endtime="20230809 14:50:58.024"/>
</kw>
<kw name="Page Should Contain" library="SeleniumLibrary">
<arg>Login</arg>
<doc>Verifies that current page contains ``text``.</doc>
<msg timestamp="20230809 14:50:58.440" level="INFO">Current page contains text 'Login'.</msg>
<status status="PASS" starttime="20230809 14:50:58.024" endtime="20230809 14:50:58.440"/>
</kw>
<kw name="Input Text" library="SeleniumLibrary">
<arg>//*[@id="email-id"]</arg>
<arg>${LoginDataInput.Users.user1.username}</arg>
<doc>Types the given ``text`` into the text field identified by ``locator``.</doc>
<msg timestamp="20230809 14:50:58.440" level="INFO">Typing text 'admin@robotframeworktutorial.com' into text field '//*[@id="email-id"]'.</msg>
<status status="PASS" starttime="20230809 14:50:58.440" endtime="20230809 14:50:59.207"/>
</kw>
<kw name="Input Password" library="SeleniumLibrary">
<arg>//*[@id="password"]</arg>
<arg>${LoginDataInput.Users.user1.password}</arg>
<doc>Types the given password into the text field identified by ``locator``.</doc>
<msg timestamp="20230809 14:50:59.209" level="INFO">Typing password into text field '//*[@id="password"]'.</msg>
<msg timestamp="20230809 14:50:59.643" level="INFO">Temporally setting log level to: NONE</msg>
<msg timestamp="20230809 14:50:59.922" level="INFO">Log level changed from NONE to INFO.</msg>
<status status="PASS" starttime="20230809 14:50:59.208" endtime="20230809 14:50:59.922"/>
</kw>
<kw name="Click Button" library="SeleniumLibrary">
<arg>//*[@id="submit-id"]</arg>
<doc>Clicks the button identified by ``locator``.</doc>
<msg timestamp="20230809 14:50:59.923" level="INFO">Clicking button '//*[@id="submit-id"]'.</msg>
<status status="PASS" starttime="20230809 14:50:59.922" endtime="20230809 14:51:01.144"/>
</kw>
<kw name="Sleep" library="BuiltIn">
<arg>3</arg>
<doc>Pauses the test executed for the given time.</doc>
<msg timestamp="20230809 14:51:04.144" level="INFO">Slept 3 seconds</msg>
<status status="PASS" starttime="20230809 14:51:01.144" endtime="20230809 14:51:04.144"/>
</kw>
<status status="PASS" starttime="20230809 14:50:54.219" endtime="20230809 14:51:04.145"/>
</kw>
<kw name="fermer navigateur" library="Commmon" type="TEARDOWN">
<doc>Ce keyword sert a se loguer</doc>
<kw name="Log To Console" library="BuiltIn">
<arg>femer le navigateur</arg>
<doc>Logs the given message to the console.</doc>
<status status="PASS" starttime="20230809 14:51:04.146" endtime="20230809 14:51:04.146"/>
</kw>
<kw name="Close All Browsers" library="SeleniumLibrary">
<doc>Closes all open browsers and resets the browser cache.</doc>
<status status="PASS" starttime="20230809 14:51:04.146" endtime="20230809 14:51:06.936"/>
</kw>
<status status="PASS" starttime="20230809 14:51:04.145" endtime="20230809 14:51:06.938"/>
</kw>
<status status="PASS" starttime="20230809 14:50:48.562" endtime="20230809 14:51:06.938"/>
</test>
<doc>mon premier test</doc>
<status status="PASS" starttime="20230809 14:50:48.423" endtime="20230809 14:51:06.939"/>
</suite>
<statistics>
<total>
<stat pass="1" fail="0" skip="0">All Tests</stat>
</total>
<tag>
</tag>
<suite>
<stat pass="1" fail="0" skip="0" id="s1" name="Test">Test</stat>
</suite>
</statistics>
<errors>
<msg timestamp="20230809 14:50:48.559" level="ERROR">Error in file 'D:\Stage\amazon\tests\test.robot' on line 4: Processing variable file '../Ressources/Keyword/Common/Commmon.robot' failed: Importing variable file '../Ressources/Keyword/Common/Commmon.robot' failed: ModuleNotFoundError: No module named '.'
Traceback (most recent call last):
  None
PYTHONPATH:
  C:\Users\Admin\AppData\Local\Programs\Python\Python311\Scripts\robot.exe
  C:\Users\Admin\AppData\Local\Programs\Python\Python311\python311.zip
  C:\Users\Admin\AppData\Local\Programs\Python\Python311\Lib
  C:\Users\Admin\AppData\Local\Programs\Python\Python311\DLLs
  C:\Users\Admin\AppData\Roaming\Python\Python311\site-packages
  C:\Users\Admin\AppData\Local\Programs\Python\Python311
  C:\Users\Admin\AppData\Local\Programs\Python\Python311\Lib\site-packages
  C:\Users\Admin\AppData\Local\Programs\Python\Python311\Lib\site-packages\win32
  C:\Users\Admin\AppData\Local\Programs\Python\Python311\Lib\site-packages\win32\lib
  C:\Users\Admin\AppData\Local\Programs\Python\Python311\Lib\site-packages\Pythonwin</msg>
</errors>
</robot>
