<?xml version="1.0" encoding="UTF-8"?>
<robot generator="Robot 6.0.1 (Python 3.11.1 on win32)" generated="20230809 15:49:51.582" rpa="false" schemaversion="3">
<suite id="s1" name="Test" source="D:\Stage\amazon\tests\test.robot">
<test id="s1-t1" name="Should be able to add new customer" line="12">
<kw name="ouvrir navigateur" library="Commmon" type="SETUP">
<doc>Ce keyword sert a ouvrir le navigateur</doc>
<kw name="Log To Console" library="BuiltIn">
<arg>open browser</arg>
<doc>Logs the given message to the console.</doc>
<status status="PASS" starttime="20230809 15:49:51.753" endtime="20230809 15:49:51.753"/>
</kw>
<kw name="Set Selenium Speed" library="SeleniumLibrary">
<arg>.2s</arg>
<doc>Sets the delay that is waited after each Selenium command.</doc>
<status status="PASS" starttime="20230809 15:49:51.754" endtime="20230809 15:49:51.754"/>
</kw>
<kw name="Set Selenium Timeout" library="SeleniumLibrary">
<arg>10s</arg>
<doc>Sets the timeout that is used by various keywords.</doc>
<status status="PASS" starttime="20230809 15:49:51.754" endtime="20230809 15:49:51.754"/>
</kw>
<kw name="Open Browser" library="SeleniumLibrary">
<arg>https://opensource-demo.orangehrmlive.com/web/index.php/auth/login</arg>
<arg>chrome</arg>
<doc>Opens a new browser instance to the optional ``url``.</doc>
<msg timestamp="20230809 15:49:51.754" level="INFO">Opening browser 'chrome' to base url 'https://opensource-demo.orangehrmlive.com/web/index.php/auth/login'.</msg>
<status status="PASS" starttime="20230809 15:49:51.754" endtime="20230809 15:49:57.349"/>
</kw>
<kw name="Log To Console" library="BuiltIn">
<arg>https://opensource-demo.orangehrmlive.com/web/index.php/auth/login</arg>
<doc>Logs the given message to the console.</doc>
<status status="PASS" starttime="20230809 15:49:57.349" endtime="20230809 15:49:57.349"/>
</kw>
<kw name="Maximize Browser Window" library="SeleniumLibrary">
<doc>Maximizes current browser window.</doc>
<status status="PASS" starttime="20230809 15:49:57.349" endtime="20230809 15:49:57.668"/>
</kw>
<kw name="Sleep" library="BuiltIn">
<arg>3</arg>
<doc>Pauses the test executed for the given time.</doc>
<msg timestamp="20230809 15:50:00.668" level="INFO">Slept 3 seconds</msg>
<status status="PASS" starttime="20230809 15:49:57.668" endtime="20230809 15:50:00.668"/>
</kw>
<kw name="Page Should Contain" library="SeleniumLibrary">
<arg>© 2005 - 2023 OrangeHRM, Inc. All rights reserved.</arg>
<doc>Verifies that current page contains ``text``.</doc>
<msg timestamp="20230809 15:50:01.082" level="INFO">Current page contains text '© 2005 - 2023 OrangeHRM, Inc. All rights reserved.'.</msg>
<status status="PASS" starttime="20230809 15:50:00.668" endtime="20230809 15:50:01.082"/>
</kw>
<status status="PASS" starttime="20230809 15:49:51.753" endtime="20230809 15:50:01.083"/>
</kw>
<kw name="se loguer" library="Commmon">
<doc>Ce keyword sert a se loguer</doc>
<kw name="Log To Console" library="BuiltIn">
<arg>se loguer</arg>
<doc>Logs the given message to the console.</doc>
<status status="PASS" starttime="20230809 15:50:01.085" endtime="20230809 15:50:01.085"/>
</kw>
<kw name="Sleep" library="BuiltIn">
<arg>3</arg>
<doc>Pauses the test executed for the given time.</doc>
<msg timestamp="20230809 15:50:04.085" level="INFO">Slept 3 seconds</msg>
<status status="PASS" starttime="20230809 15:50:01.085" endtime="20230809 15:50:04.085"/>
</kw>
<kw name="Page Should Contain" library="SeleniumLibrary">
<arg>Login</arg>
<doc>Verifies that current page contains ``text``.</doc>
<msg timestamp="20230809 15:50:04.511" level="INFO">Current page contains text 'Login'.</msg>
<status status="PASS" starttime="20230809 15:50:04.085" endtime="20230809 15:50:04.511"/>
</kw>
<kw name="Input Text" library="SeleniumLibrary">
<arg>//*[@id="app"]/div[1]/div/div[1]/div/div[2]/div[2]/form/div[1]/div/div[2]/input</arg>
<arg>${LoginDataInput.Users.user1.username}</arg>
<doc>Types the given ``text`` into the text field identified by ``locator``.</doc>
<msg timestamp="20230809 15:50:04.513" level="INFO">Typing text 'Admin' into text field '//*[@id="app"]/div[1]/div/div[1]/div/div[2]/div[2]/form/div[1]/div/div[2]/input'.</msg>
<status status="PASS" starttime="20230809 15:50:04.511" endtime="20230809 15:50:05.216"/>
</kw>
<kw name="Input Password" library="SeleniumLibrary">
<arg>//*[@id="app"]/div[1]/div/div[1]/div/div[2]/div[2]/form/div[2]/div/div[2]/input</arg>
<arg>${LoginDataInput.Users.user1.password}</arg>
<doc>Types the given password into the text field identified by ``locator``.</doc>
<msg timestamp="20230809 15:50:05.218" level="INFO">Typing password into text field '//*[@id="app"]/div[1]/div/div[1]/div/div[2]/div[2]/form/div[2]/div/div[2]/input'.</msg>
<msg timestamp="20230809 15:50:05.668" level="INFO">Temporally setting log level to: NONE</msg>
<msg timestamp="20230809 15:50:05.922" level="INFO">Log level changed from NONE to INFO.</msg>
<status status="PASS" starttime="20230809 15:50:05.216" endtime="20230809 15:50:05.922"/>
</kw>
<kw name="Click Button" library="SeleniumLibrary">
<arg>//*[@id="app"]/div[1]/div/div[1]/div/div[2]/div[2]/form/div[3]/button</arg>
<doc>Clicks the button identified by ``locator``.</doc>
<msg timestamp="20230809 15:50:05.923" level="INFO">Clicking button '//*[@id="app"]/div[1]/div/div[1]/div/div[2]/div[2]/form/div[3]/button'.</msg>
<status status="PASS" starttime="20230809 15:50:05.923" endtime="20230809 15:50:08.105"/>
</kw>
<kw name="Sleep" library="BuiltIn">
<arg>3</arg>
<doc>Pauses the test executed for the given time.</doc>
<msg timestamp="20230809 15:50:11.105" level="INFO">Slept 3 seconds</msg>
<status status="PASS" starttime="20230809 15:50:08.105" endtime="20230809 15:50:11.105"/>
</kw>
<status status="PASS" starttime="20230809 15:50:01.084" endtime="20230809 15:50:11.105"/>
</kw>
<kw name="fermer navigateur" library="Commmon" type="TEARDOWN">
<doc>Ce keyword sert a se loguer</doc>
<kw name="Log To Console" library="BuiltIn">
<arg>femer le navigateur</arg>
<doc>Logs the given message to the console.</doc>
<status status="PASS" starttime="20230809 15:50:11.106" endtime="20230809 15:50:11.109"/>
</kw>
<kw name="Close All Browsers" library="SeleniumLibrary">
<doc>Closes all open browsers and resets the browser cache.</doc>
<status status="PASS" starttime="20230809 15:50:11.109" endtime="20230809 15:50:13.778"/>
</kw>
<status status="PASS" starttime="20230809 15:50:11.106" endtime="20230809 15:50:13.778"/>
</kw>
<status status="PASS" starttime="20230809 15:49:51.753" endtime="20230809 15:50:13.778"/>
</test>
<doc>mon premier test</doc>
<status status="PASS" starttime="20230809 15:49:51.591" endtime="20230809 15:50:13.780"/>
</suite>
<statistics>
<total>
<stat pass="1" fail="0" skip="0">All Tests</stat>
</total>
<tag>
</tag>
<suite>
<stat pass="1" fail="0" skip="0" id="s1" name="Test">Test</stat>
</suite>
</statistics>
<errors>
<msg timestamp="20230809 15:49:51.748" level="ERROR">Error in file 'D:\Stage\amazon\tests\test.robot' on line 4: Processing variable file '../Ressources/Keyword/Common/Commmon.robot' failed: Importing variable file '../Ressources/Keyword/Common/Commmon.robot' failed: ModuleNotFoundError: No module named '.'
Traceback (most recent call last):
  None
PYTHONPATH:
  C:\Users\Admin\AppData\Local\Programs\Python\Python311\Scripts\robot.exe
  C:\Users\Admin\AppData\Local\Programs\Python\Python311\python311.zip
  C:\Users\Admin\AppData\Local\Programs\Python\Python311\Lib
  C:\Users\Admin\AppData\Local\Programs\Python\Python311\DLLs
  C:\Users\Admin\AppData\Roaming\Python\Python311\site-packages
  C:\Users\Admin\AppData\Local\Programs\Python\Python311
  C:\Users\Admin\AppData\Local\Programs\Python\Python311\Lib\site-packages
  C:\Users\Admin\AppData\Local\Programs\Python\Python311\Lib\site-packages\win32
  C:\Users\Admin\AppData\Local\Programs\Python\Python311\Lib\site-packages\win32\lib
  C:\Users\Admin\AppData\Local\Programs\Python\Python311\Lib\site-packages\Pythonwin</msg>
</errors>
</robot>
