<?xml version="1.0" encoding="UTF-8"?>
<robot generator="Robot 6.0.1 (Python 3.11.1 on win32)" generated="20230809 15:48:39.058" rpa="false" schemaversion="3">
<suite id="s1" name="Test" source="D:\Stage\amazon\tests\test.robot">
<test id="s1-t1" name="Should be able to add new customer" line="12">
<kw name="ouvrir navigateur" library="Commmon" type="SETUP">
<doc>Ce keyword sert a ouvrir le navigateur</doc>
<kw name="Log To Console" library="BuiltIn">
<arg>open browser</arg>
<doc>Logs the given message to the console.</doc>
<status status="PASS" starttime="20230809 15:48:39.242" endtime="20230809 15:48:39.242"/>
</kw>
<kw name="Set Selenium Speed" library="SeleniumLibrary">
<arg>.2s</arg>
<doc>Sets the delay that is waited after each Selenium command.</doc>
<status status="PASS" starttime="20230809 15:48:39.242" endtime="20230809 15:48:39.242"/>
</kw>
<kw name="Set Selenium Timeout" library="SeleniumLibrary">
<arg>10s</arg>
<doc>Sets the timeout that is used by various keywords.</doc>
<status status="PASS" starttime="20230809 15:48:39.242" endtime="20230809 15:48:39.242"/>
</kw>
<kw name="Open Browser" library="SeleniumLibrary">
<arg>https://opensource-demo.orangehrmlive.com/web/index.php/auth/login</arg>
<arg>chrome</arg>
<doc>Opens a new browser instance to the optional ``url``.</doc>
<msg timestamp="20230809 15:48:39.242" level="INFO">Opening browser 'chrome' to base url 'https://opensource-demo.orangehrmlive.com/web/index.php/auth/login'.</msg>
<status status="PASS" starttime="20230809 15:48:39.242" endtime="20230809 15:48:44.517"/>
</kw>
<kw name="Maximize Browser Window" library="SeleniumLibrary">
<doc>Maximizes current browser window.</doc>
<status status="PASS" starttime="20230809 15:48:44.517" endtime="20230809 15:48:44.856"/>
</kw>
<kw name="Sleep" library="BuiltIn">
<arg>3</arg>
<doc>Pauses the test executed for the given time.</doc>
<msg timestamp="20230809 15:48:47.856" level="INFO">Slept 3 seconds</msg>
<status status="PASS" starttime="20230809 15:48:44.856" endtime="20230809 15:48:47.856"/>
</kw>
<kw name="Page Should Contain" library="SeleniumLibrary">
<arg>© 2005 - 2023 OrangeHRM, Inc. All rights reserved.</arg>
<doc>Verifies that current page contains ``text``.</doc>
<msg timestamp="20230809 15:48:48.281" level="INFO">Current page contains text '© 2005 - 2023 OrangeHRM, Inc. All rights reserved.'.</msg>
<status status="PASS" starttime="20230809 15:48:47.856" endtime="20230809 15:48:48.281"/>
</kw>
<status status="PASS" starttime="20230809 15:48:39.241" endtime="20230809 15:48:48.281"/>
</kw>
<kw name="se loguer" library="Commmon">
<doc>Ce keyword sert a se loguer</doc>
<kw name="Log To Console" library="BuiltIn">
<arg>se loguer</arg>
<doc>Logs the given message to the console.</doc>
<status status="PASS" starttime="20230809 15:48:48.282" endtime="20230809 15:48:48.283"/>
</kw>
<kw name="Sleep" library="BuiltIn">
<arg>3</arg>
<doc>Pauses the test executed for the given time.</doc>
<msg timestamp="20230809 15:48:51.286" level="INFO">Slept 3 seconds</msg>
<status status="PASS" starttime="20230809 15:48:48.283" endtime="20230809 15:48:51.286"/>
</kw>
<kw name="Page Should Contain" library="SeleniumLibrary">
<arg>Login</arg>
<doc>Verifies that current page contains ``text``.</doc>
<msg timestamp="20230809 15:48:51.706" level="INFO">Current page contains text 'Login'.</msg>
<status status="PASS" starttime="20230809 15:48:51.286" endtime="20230809 15:48:51.706"/>
</kw>
<kw name="Input Text" library="SeleniumLibrary">
<arg>//*[@id="app"]/div[1]/div/div[1]/div/div[2]/div[2]/form/div[1]/div/div[2]/input</arg>
<arg>${LoginDataInput.Users.user1.username}</arg>
<doc>Types the given ``text`` into the text field identified by ``locator``.</doc>
<msg timestamp="20230809 15:48:51.708" level="INFO">Typing text 'Admin' into text field '//*[@id="app"]/div[1]/div/div[1]/div/div[2]/div[2]/form/div[1]/div/div[2]/input'.</msg>
<status status="PASS" starttime="20230809 15:48:51.706" endtime="20230809 15:48:52.404"/>
</kw>
<kw name="Input Password" library="SeleniumLibrary">
<arg>//*[@id="app"]/div[1]/div/div[1]/div/div[2]/div[2]/form/div[2]/div/div[2]/input</arg>
<arg>${LoginDataInput.Users.user1.password}</arg>
<doc>Types the given password into the text field identified by ``locator``.</doc>
<msg timestamp="20230809 15:48:52.405" level="INFO">Typing password into text field '//*[@id="app"]/div[1]/div/div[1]/div/div[2]/div[2]/form/div[2]/div/div[2]/input'.</msg>
<msg timestamp="20230809 15:48:52.851" level="INFO">Temporally setting log level to: NONE</msg>
<msg timestamp="20230809 15:48:53.122" level="INFO">Log level changed from NONE to INFO.</msg>
<status status="PASS" starttime="20230809 15:48:52.404" endtime="20230809 15:48:53.122"/>
</kw>
<kw name="Click Button" library="SeleniumLibrary">
<arg>//*[@id="app"]/div[1]/div/div[1]/div/div[2]/div[2]/form/div[3]/button</arg>
<doc>Clicks the button identified by ``locator``.</doc>
<msg timestamp="20230809 15:48:53.123" level="INFO">Clicking button '//*[@id="app"]/div[1]/div/div[1]/div/div[2]/div[2]/form/div[3]/button'.</msg>
<status status="PASS" starttime="20230809 15:48:53.122" endtime="20230809 15:48:55.100"/>
</kw>
<kw name="Sleep" library="BuiltIn">
<arg>3</arg>
<doc>Pauses the test executed for the given time.</doc>
<msg timestamp="20230809 15:48:58.101" level="INFO">Slept 3 seconds</msg>
<status status="PASS" starttime="20230809 15:48:55.100" endtime="20230809 15:48:58.101"/>
</kw>
<status status="PASS" starttime="20230809 15:48:48.282" endtime="20230809 15:48:58.101"/>
</kw>
<kw name="fermer navigateur" library="Commmon" type="TEARDOWN">
<doc>Ce keyword sert a se loguer</doc>
<kw name="Log To Console" library="BuiltIn">
<arg>femer le navigateur</arg>
<doc>Logs the given message to the console.</doc>
<status status="PASS" starttime="20230809 15:48:58.102" endtime="20230809 15:48:58.102"/>
</kw>
<kw name="Close All Browsers" library="SeleniumLibrary">
<doc>Closes all open browsers and resets the browser cache.</doc>
<status status="PASS" starttime="20230809 15:48:58.102" endtime="20230809 15:49:00.789"/>
</kw>
<status status="PASS" starttime="20230809 15:48:58.101" endtime="20230809 15:49:00.790"/>
</kw>
<status status="PASS" starttime="20230809 15:48:39.241" endtime="20230809 15:49:00.790"/>
</test>
<doc>mon premier test</doc>
<status status="PASS" starttime="20230809 15:48:39.069" endtime="20230809 15:49:00.791"/>
</suite>
<statistics>
<total>
<stat pass="1" fail="0" skip="0">All Tests</stat>
</total>
<tag>
</tag>
<suite>
<stat pass="1" fail="0" skip="0" id="s1" name="Test">Test</stat>
</suite>
</statistics>
<errors>
<msg timestamp="20230809 15:48:39.237" level="ERROR">Error in file 'D:\Stage\amazon\tests\test.robot' on line 4: Processing variable file '../Ressources/Keyword/Common/Commmon.robot' failed: Importing variable file '../Ressources/Keyword/Common/Commmon.robot' failed: ModuleNotFoundError: No module named '.'
Traceback (most recent call last):
  None
PYTHONPATH:
  C:\Users\Admin\AppData\Local\Programs\Python\Python311\Scripts\robot.exe
  C:\Users\Admin\AppData\Local\Programs\Python\Python311\python311.zip
  C:\Users\Admin\AppData\Local\Programs\Python\Python311\Lib
  C:\Users\Admin\AppData\Local\Programs\Python\Python311\DLLs
  C:\Users\Admin\AppData\Roaming\Python\Python311\site-packages
  C:\Users\Admin\AppData\Local\Programs\Python\Python311
  C:\Users\Admin\AppData\Local\Programs\Python\Python311\Lib\site-packages
  C:\Users\Admin\AppData\Local\Programs\Python\Python311\Lib\site-packages\win32
  C:\Users\Admin\AppData\Local\Programs\Python\Python311\Lib\site-packages\win32\lib
  C:\Users\Admin\AppData\Local\Programs\Python\Python311\Lib\site-packages\Pythonwin</msg>
</errors>
</robot>
